0 info it worked if it ends with ok
1 verbose cli [ 'E:\\NodeJS\\node.exe',
1 verbose cli   'E:\\NodeJS\\node_modules\\npm\\bin\\npm-cli.js',
1 verbose cli   'install' ]
2 info using npm@4.1.2
3 info using node@v7.6.0
4 silly loadCurrentTree Starting
5 silly install loadCurrentTree
6 silly install readLocalPackageData
7 silly install normalizeTree
8 silly loadCurrentTree Finishing
9 silly loadIdealTree Starting
10 silly install loadIdealTree
11 silly cloneCurrentTree Starting
12 silly install cloneCurrentTreeToIdealTree
13 silly cloneCurrentTree Finishing
14 silly loadShrinkwrap Starting
15 silly install loadShrinkwrap
16 silly loadShrinkwrap Finishing
17 silly loadAllDepsIntoIdealTree Starting
18 silly install loadAllDepsIntoIdealTree
19 silly fetchNamedPackageData express
20 silly mapToRegistry name express
21 silly mapToRegistry using default registry
22 silly mapToRegistry registry https://registry.npmjs.org/
23 silly mapToRegistry data Result {
23 silly mapToRegistry   raw: 'express',
23 silly mapToRegistry   scope: null,
23 silly mapToRegistry   escapedName: 'express',
23 silly mapToRegistry   name: 'express',
23 silly mapToRegistry   rawSpec: '',
23 silly mapToRegistry   spec: 'latest',
23 silly mapToRegistry   type: 'tag' }
24 silly mapToRegistry uri https://registry.npmjs.org/express
25 verbose request uri https://registry.npmjs.org/express
26 verbose request no auth needed
27 info attempt registry request try #1 at 20:54:09
28 verbose request id a5589e6a3bf86324
29 verbose etag W/"58f478c2-8bc43"
30 verbose lastModified Mon, 17 Apr 2017 08:11:46 GMT
31 http request GET https://registry.npmjs.org/express
32 verbose stack Error: kill ENOSYS
32 verbose stack     at exports._errnoException (util.js:1028:11)
32 verbose stack     at process.kill (internal/process.js:173:13)
32 verbose stack     at process.listener (E:\NodeJS\node_modules\npm\node_modules\npmlog\node_modules\gauge\node_modules\signal-exit\index.js:95:15)
32 verbose stack     at emitNone (events.js:86:13)
32 verbose stack     at process.emit (events.js:186:7)
32 verbose stack     at processEmit (E:\NodeJS\node_modules\npm\node_modules\npmlog\node_modules\gauge\node_modules\signal-exit\index.js:155:32)
32 verbose stack     at Signal.wrap.onsignal (internal/process.js:200:44)
33 verbose cwd F:\selfStudy\nodeJS\01
34 error Windows_NT 10.0.14393
35 error argv "E:\\NodeJS\\node.exe" "E:\\NodeJS\\node_modules\\npm\\bin\\npm-cli.js" "install"
36 error node v7.6.0
37 error npm  v4.1.2
38 error code ENOSYS
39 error errno ENOSYS
40 error syscall kill
41 error kill ENOSYS
42 error If you need help, you may report this error at:
42 error     <https://github.com/npm/npm/issues>
43 verbose exit [ 1, true ]
